C51 COMPILER V9.54   LDCHIP                                                                06/20/2019 03:57:33 PAGE 1   


C51 COMPILER V9.54, COMPILATION OF MODULE LDCHIP
OBJECT MODULE PLACED IN ..\obj\LDChip.obj
COMPILER INVOKED BY: C:\Keil_v5\C51\BIN\C51.EXE ..\code\LDChip.c OPTIMIZE(8,SPEED) BROWSE INCDIR(..\code;..\user) DEBUG 
                    -OBJECTEXTEND PRINT(.\LDChip.lst) TABS(2) OBJECT(..\obj\LDChip.obj)

line level    source

   1          
   2          /*********************************************************/
   3          #include "config.h"
   4          
   5          extern void  delay(unsigned long uldata);
   6          
   7          uint8 idata ucRegVal;
   8          extern uint8 idata nAsrStatus;
   9          
  10          void ProcessInt0(void);
  11          
  12          /************************************************************************
  13          功能描述：   复位LD模块
  14          入口参数：   none
  15          返 回 值：   none
  16          其他说明：   none
  17          **************************************************************************/
  18          void LD_Reset()
  19          {
  20   1        RSTB=1;
  21   1        delay(1);
  22   1        RSTB=0;
  23   1        delay(1);
  24   1        RSTB=1;
  25   1      
  26   1        delay(1);
  27   1        CSB=0;
  28   1        delay(1);
  29   1        CSB=1;
  30   1        delay(1);
  31   1      }
  32          /************************************************************************
  33          功能描述： LD模块命令初始化
  34          入口参数： none
  35          返 回 值： none
  36          其他说明： 该函数为出厂配置，一般不需要修改；
  37                     有兴趣的客户可对照开发手册根据需要自行修改。
  38          **************************************************************************/
  39          void LD_Init_Common()
  40          {
  41   1        LD_ReadReg(0x06);  
  42   1        LD_WriteReg(0x17, 0x35); 
  43   1        delay(10);
  44   1        LD_ReadReg(0x06);  
  45   1      
  46   1        LD_WriteReg(0x89, 0x03);  
  47   1        delay(5);
  48   1        LD_WriteReg(0xCF, 0x43);   
  49   1        delay(5);
  50   1        LD_WriteReg(0xCB, 0x02);
  51   1        
  52   1        /*PLL setting*/
  53   1        LD_WriteReg(0x11, LD_PLL_11);       
  54   1      
C51 COMPILER V9.54   LDCHIP                                                                06/20/2019 03:57:33 PAGE 2   

  55   1        LD_WriteReg(0x1E,0x00);
  56   1        LD_WriteReg(0x19, LD_PLL_ASR_19); 
  57   1        LD_WriteReg(0x1B, LD_PLL_ASR_1B);   
  58   1        LD_WriteReg(0x1D, LD_PLL_ASR_1D);
  59   1        delay(10);
  60   1        
  61   1        LD_WriteReg(0xCD, 0x04);
  62   1      //  LD_WriteReg(0x17, 0x4c); 
  63   1        delay(5);
  64   1        LD_WriteReg(0xB9, 0x00);
  65   1        LD_WriteReg(0xCF, 0x4F); 
  66   1        LD_WriteReg(0x6F, 0xFF); 
  67   1      }
  68          
  69          /************************************************************************
  70          功能描述：   LD模块 ASR功能初始化
  71          入口参数：   none
  72          返 回 值：   none
  73          其他说明：   该函数为出厂配置，一般不需要修改；
  74                     有兴趣的客户可对照开发手册根据需要自行修改。
  75          **************************************************************************/
  76          void LD_Init_ASR()
  77          {
  78   1        LD_Init_Common();
  79   1      
  80   1        LD_WriteReg(0xBD, 0x00);
  81   1        LD_WriteReg(0x17, 0x48);
  82   1        delay( 10 );
  83   1      
  84   1        LD_WriteReg(0x3C, 0x80);    
  85   1        LD_WriteReg(0x3E, 0x07);
  86   1        LD_WriteReg(0x38, 0xff);    
  87   1        LD_WriteReg(0x3A, 0x07);
  88   1        
  89   1        LD_WriteReg(0x40, 0);          
  90   1        LD_WriteReg(0x42, 8);
  91   1        LD_WriteReg(0x44, 0);    
  92   1        LD_WriteReg(0x46, 8); 
  93   1        delay( 1 );
  94   1      }
  95          
  96          /************************************************************************
  97          功能描述：  中断处理函数
  98          入口参数：   none
  99          返 回 值：   none
 100          其他说明：  当LD模块接收到音频信号时，将进入该函数，
 101                      判断识别是否有结果，如果没有从新配置寄
 102                      存器准备下一次的识别。
 103          **************************************************************************/
 104          void ProcessInt0(void)
 105          {
 106   1        uint8 nAsrResCount=0;
 107   1      
 108   1        EX0=0;
 109   1        ucRegVal = LD_ReadReg(0x2B);
 110   1        LD_WriteReg(0x29,0) ;
 111   1        LD_WriteReg(0x02,0) ;
 112   1        if((ucRegVal & 0x10) &&
 113   1          LD_ReadReg(0xb2)==0x21 && 
 114   1          LD_ReadReg(0xbf)==0x35)     /*识别成功*/
 115   1        { 
 116   2          nAsrResCount = LD_ReadReg(0xba);
C51 COMPILER V9.54   LDCHIP                                                                06/20/2019 03:57:33 PAGE 3   

 117   2          if(nAsrResCount>0 && nAsrResCount<=4) 
 118   2          {
 119   3            nAsrStatus=LD_ASR_FOUNDOK;
 120   3          }
 121   2          else
 122   2            {
 123   3            nAsrStatus=LD_ASR_FOUNDZERO;
 124   3          } 
 125   2        }                              /*没有识别结果*/
 126   1        else
 127   1        {  
 128   2          nAsrStatus=LD_ASR_FOUNDZERO;
 129   2        }
 130   1          
 131   1        LD_WriteReg(0x2b, 0);
 132   1        LD_WriteReg(0x1C,0);/*写0:ADC不可用*/
 133   1      
 134   1        LD_WriteReg(0x29,0) ;
 135   1        LD_WriteReg(0x02,0) ;
 136   1        LD_WriteReg(0x2B,  0);
 137   1        LD_WriteReg(0xBA, 0); 
 138   1        LD_WriteReg(0xBC,0);  
 139   1        LD_WriteReg(0x08,1);   /*清除FIFO_DATA*/
 140   1        LD_WriteReg(0x08,0);  /*清除FIFO_DATA后 再次写0*/
 141   1      
 142   1      
 143   1        EX0=1;
 144   1      }
 145          
 146          /************************************************************************
 147          功能描述：  运行ASR识别流程
 148          入口参数：  none
 149          返 回 值：  asrflag：1->启动成功， 0―>启动失败
 150          其他说明：  识别顺序如下:
 151                      1、RunASR()函数实现了一次完整的ASR语音识别流程
 152                      2、LD_AsrStart() 函数实现了ASR初始化
 153                      3、LD_AsrAddFixed() 函数实现了添加关键词语到LD3320芯片中
 154                      4、LD_AsrRun()  函数启动了一次ASR语音识别流程         
 155                      任何一次ASR识别流程，都需要按照这个顺序，从初始化开始
 156          **************************************************************************/
 157          uint8 RunASR(void)
 158          {
 159   1        uint8 i=0;
 160   1        uint8 asrflag=0;
 161   1        for (i=0; i<5; i++)     //  防止由于硬件原因导致LD3320芯片工作不正常，所以一共尝试5次启动ASR识别流程
 162   1        {
 163   2          LD_AsrStart();
 164   2          delay(50);
 165   2          if (LD_AsrAddFixed()==0)
 166   2          {
 167   3            LD_Reset();     //  LD3320芯片内部出现不正常，立即重启LD3320芯片
 168   3            delay(50);      //  并从初始化开始重新ASR识别流程
 169   3            continue;
 170   3          }
 171   2          delay(10);
 172   2          if (LD_AsrRun() == 0)
 173   2          {
 174   3            LD_Reset();     //  LD3320芯片内部出现不正常，立即重启LD3320芯片
 175   3            delay(50);      //  并从初始化开始重新ASR识别流程
 176   3            continue;
 177   3          }
 178   2          asrflag=1;
C51 COMPILER V9.54   LDCHIP                                                                06/20/2019 03:57:33 PAGE 4   

 179   2          break;          //  ASR流程启动成功，退出当前for循环。开始等待LD3320送出的中断信号
 180   2        }
 181   1      
 182   1        return asrflag;
 183   1      }
 184          /************************************************************************
 185          功能描述：  检测LD模块是否空闲
 186          入口参数：  none
 187          返 回 值：  flag：1-> 空闲
 188          其他说明：  none
 189          **************************************************************************/
 190          uint8 LD_Check_ASRBusyFlag_b2()
 191          {
 192   1        uint8 j;
 193   1        uint8 flag = 0;
 194   1        for (j=0; j<10; j++)
 195   1        {
 196   2          if (LD_ReadReg(0xb2) == 0x21)
 197   2          {
 198   3            flag = 1;
 199   3            break;
 200   3          }
 201   2          delay(10);    
 202   2        }
 203   1        return flag;
 204   1      }
 205          /************************************************************************
 206          功能描述：  启动ASR
 207          入口参数：  none
 208          返 回 值：  none
 209          其他说明：  none
 210          **************************************************************************/
 211          void LD_AsrStart()
 212          {
 213   1        LD_Init_ASR();
 214   1      }
 215          /************************************************************************
 216          功能描述：  运行ASR
 217          入口参数：  none
 218          返 回 值：  1：启动成功
 219          其他说明：  none
 220          **************************************************************************/
 221          uint8 LD_AsrRun()
 222          {
 223   1        EX0=0;
 224   1        LD_WriteReg(0x35, MIC_VOL);
 225   1        LD_WriteReg(0x1C, 0x09);
 226   1        LD_WriteReg(0xBD, 0x20);
 227   1        LD_WriteReg(0x08, 0x01);
 228   1        delay( 1 );
 229   1        LD_WriteReg(0x08, 0x00);
 230   1        delay( 1 );
 231   1      
 232   1        if(LD_Check_ASRBusyFlag_b2() == 0)
 233   1        {
 234   2          return 0;
 235   2        }
 236   1      //  LD_WriteReg(0xB6, 0xa); //识别时间   1S
 237   1      //  LD_WriteReg(0xB5, 0x1E); //背景音段时间 300ms
 238   1      //  LD_WriteReg(0xB8, 10); //结束时间
 239   1      
 240   1      //  LD_WriteReg(0x1C, 0x07); //配置双通道音频信号做为输入信号
C51 COMPILER V9.54   LDCHIP                                                                06/20/2019 03:57:33 PAGE 5   

 241   1        LD_WriteReg(0x1C, 0x0b); //配置麦克风做为输入信号
 242   1      
 243   1      
 244   1        LD_WriteReg(0xB2, 0xff);
 245   1        delay( 1);  
 246   1        LD_WriteReg(0x37, 0x06);
 247   1        delay( 1 );
 248   1          LD_WriteReg(0x37, 0x06);
 249   1          delay( 5 );
 250   1        LD_WriteReg(0x29, 0x10);
 251   1        
 252   1        LD_WriteReg(0xBD, 0x00);
 253   1        EX0=1;
 254   1        return 1;
 255   1      }
 256          /************************************************************************
 257          功能描述： 向LD模块添加关键词
 258          入口参数： none
 259          返 回 值： flag：1->添加成功
 260          其他说明： 用户修改.
 261                     1、根据如下格式添加拼音关键词，同时注意修改sRecog 和pCode 数组的长度
 262                     和对应变了k的循环置。拼音串和识别码是一一对应的。
 263                     2、开发者可以学习"语音识别芯片LD3320高阶秘籍.pdf"中
 264                     关于垃圾词语吸收错误的用法，来提供识别效果。
 265                     
 266          **************************************************************************/
 267          uint8 LD_AsrAddFixed()
 268          {
 269   1        uint8 k, flag;
 270   1        uint8 nAsrAddLength;
 271   1        #define DATE_A 8   /*数组二维数值*/
 272   1        #define DATE_B 20   /*数组一维数值*/
 273   1        uint8 code sRecog[DATE_A][DATE_B] = {
 274   1                                              "xiao jie",\    
 275   1                                              "jia su",\
 276   1                                               "jian su",\
 277   1                                               "qian jin",\
 278   1                                               "hou tui",\
 279   1                                               "zuo zhuan",\
 280   1                                               "you zhuan",\
 281   1                                               "ting zhi"
 282   1                                            };  /*添加关键词，用户修改*/
 283   1        uint8 code pCode[DATE_A] = {
 284   1                                    CODE_CMD,\
 285   1                                    CODE_KFBYZ,\
 286   1                                    CODE_DMCS,\
 287   1                                    CODE_KD,\
 288   1                                    CODE_GD,\
 289   1                                    CODE_BJ,\
 290   1                                    CODE_SH,\
 291   1                                    CODE_GZ
 292   1                                   }; /*添加识别码，用户修改*/  
 293   1        flag = 1;
 294   1        for (k=0; k<DATE_A; k++)
 295   1        {
 296   2            
 297   2          if(LD_Check_ASRBusyFlag_b2() == 0)
 298   2          {
 299   3            flag = 0;
 300   3            break;
 301   3          }
 302   2          
C51 COMPILER V9.54   LDCHIP                                                                06/20/2019 03:57:33 PAGE 6   

 303   2          LD_WriteReg(0xc1, pCode[k] );
 304   2          LD_WriteReg(0xc3, 0 );
 305   2          LD_WriteReg(0x08, 0x04);
 306   2          delay(1);
 307   2          LD_WriteReg(0x08, 0x00);
 308   2          delay(1);
 309   2      
 310   2          for (nAsrAddLength=0; nAsrAddLength<DATE_B; nAsrAddLength++)
 311   2          {
 312   3            if (sRecog[k][nAsrAddLength] == 0)
 313   3              break;
 314   3            LD_WriteReg(0x5, sRecog[k][nAsrAddLength]);
 315   3          }
 316   2          LD_WriteReg(0xb9, nAsrAddLength);
 317   2          LD_WriteReg(0xb2, 0xff);
 318   2          LD_WriteReg(0x37, 0x04);
 319   2        }
 320   1          return flag;
 321   1      }
 322          /************************************************************************
 323          功能描述：  获取识别结果
 324          入口参数：  none
 325          返 回 值：  LD_ReadReg(0xc5 )；  读取内部寄存器返回识别码。
 326          其他说明：  none
 327          **************************************************************************/
 328          uint8 LD_GetResult()
 329          {   
 330   1        return LD_ReadReg(0xc5 );
 331   1      }
 332          
 333          
 334          


MODULE INFORMATION:   STATIC OVERLAYABLE
   CODE SIZE        =    897    ----
   CONSTANT SIZE    =    168    ----
   XDATA SIZE       =   ----    ----
   PDATA SIZE       =   ----    ----
   DATA SIZE        =   ----       8
   IDATA SIZE       =      1    ----
   BIT SIZE         =   ----    ----
END OF MODULE INFORMATION.


C51 COMPILATION COMPLETE.  0 WARNING(S),  0 ERROR(S)
