C51 COMPILER V9.00   REG_RW                                                                04/20/2019 11:28:45 PAGE 1   


C51 COMPILER V9.00, COMPILATION OF MODULE REG_RW
OBJECT MODULE PLACED IN ..\obj\Reg_RW.obj
COMPILER INVOKED BY: C:\Keil51\C51\BIN\C51.EXE ..\code\Reg_RW.c BROWSE INCDIR(..\code;..\user) DEBUG OBJECTEXTEND PRINT(
                    -.\Reg_RW.lst) OBJECT(..\obj\Reg_RW.obj)

line level    source

   1          
   2          /********************************************************/
   3          #include "config.h"
   4          
   5                          #define LD_INDEX_PORT           (*((volatile unsigned char xdata*)(0x8100))) 
   6                          #define LD_DATA_PORT            (*((volatile unsigned char xdata*)(0x8000))) 
   7                          //评估板上 MCU的A8 连接到 LD芯片的AD
   8                          //         MCU的A14 连接到 LD芯片的CSB
   9                          //         MCU的RD、WR 连接 LD芯片的RD、WR (xdata 读写时自动产生低信号)
  10                          //
  11                          //0x8100的二进制是10000001 00000000             CSB=0 AD=1
  12                          //                 ^     ^
  13                          //0x8000的二进制是10000000 00000000             CSB=0 AD=0
  14                          //                 ^     ^              
  15                          void LD_WriteReg( unsigned char address, unsigned char dataout )
  16                          {
  17   1                              LD_INDEX_PORT  = address;         
  18   1                              LD_DATA_PORT = dataout;          
  19   1                      }
  20                          
  21                          unsigned char LD_ReadReg( unsigned char address )
  22                          {
  23   1                              LD_INDEX_PORT = address;         
  24   1                              return (unsigned char)LD_DATA_PORT;     
  25   1                      }
  26          


MODULE INFORMATION:   STATIC OVERLAYABLE
   CODE SIZE        =     22    ----
   CONSTANT SIZE    =   ----    ----
   XDATA SIZE       =   ----    ----
   PDATA SIZE       =   ----    ----
   DATA SIZE        =   ----    ----
   IDATA SIZE       =   ----    ----
   BIT SIZE         =   ----    ----
END OF MODULE INFORMATION.


C51 COMPILATION COMPLETE.  0 WARNING(S),  0 ERROR(S)
