C51 COMPILER V9.01   26                                                                    05/23/2019 14:17:16 PAGE 1   


C51 COMPILER V9.01, COMPILATION OF MODULE 26
OBJECT MODULE PLACED IN 26.OBJ
COMPILER INVOKED BY: D:\KEIL  4\C51\BIN\C51.EXE 26.c BROWSE DEBUG OBJECTEXTEND

line level    source

   1          /***************   writer:shopping.w   ******************/
   2          #include <reg52.h>
   3          #include <intrins.h>
   4          #define uint unsigned int
   5          #define uchar unsigned char
   6          sbit K1   = P1^0;
   7          sbit K2   = P1^1;
   8          sbit K3   = P1^2;
   9          
  10          sbit K4   = P1^3;
  11          sbit K5   = P1^4;
  12          sbit LED1 = P0^0;
  13          sbit LED2 = P0^1;
  14          sbit LED3 = P0^2;
  15          sbit MA   = P2^0;
  16          sbit MB   = P2^1;
  17          sbit MC   = P2^2;
  18          sbit MD   = P2^3;
  19          void main(void)
  20          {
  21   1              LED1 = 1;
  22   1              LED2 = 1;
  23   1              LED3 = 0;
  24   1              while(1)
  25   1              {
  26   2                      if(K1 == 0)
  27   2                      {
  28   3                              while(K1 == 0);
  29   3                              LED1 = 0;
  30   3                              LED2 = 1;
  31   3                              LED3 = 1;
  32   3                              MA   = 0;
  33   3                              MB   = 1;
  34   3                              MC   = 0;
  35   3                              MD   = 1;
  36   3                      }
  37   2                      if(K2 == 0)
  38   2                      {
  39   3                              while(K1 == 0);
  40   3                              LED1 = 1;
  41   3                              LED2 = 0;
  42   3                              LED3 = 1;
  43   3                              MA   = 1;
  44   3                              MB   = 0;
  45   3                              MC   = 1;
  46   3                              MD   = 0;
  47   3                      }
  48   2                      if(K3 == 0)
  49   2                      {
  50   3                              while(K1 == 0);
  51   3                              LED1 = 1;
  52   3                              LED2 = 1;
  53   3                              LED3 = 0;
  54   3                              MA   = 0;
  55   3                              MB   = 0;
C51 COMPILER V9.01   26                                                                    05/23/2019 14:17:16 PAGE 2   

  56   3                          MC   = 0;
  57   3                              MD   = 0;
  58   3                      }
  59   2                      if(K4 == 0)
  60   2                      {
  61   3                              while(K1 == 0);
  62   3                              
  63   3                              MA   = 0;
  64   3                              MB   = 1;
  65   3                          MC   = 0;
  66   3                              MD   = 0;
  67   3                      }
  68   2                      if(K5 == 0)
  69   2                      {
  70   3                              while(K1 == 0);
  71   3                      
  72   3                              MA   = 0;
  73   3                              MB   = 0;
  74   3                          MC   = 0;
  75   3                              MD   = 1;
  76   3                      }
  77   2      
  78   2      
  79   2              }
  80   1      }
  81                                                          


MODULE INFORMATION:   STATIC OVERLAYABLE
   CODE SIZE        =     96    ----
   CONSTANT SIZE    =   ----    ----
   XDATA SIZE       =   ----    ----
   PDATA SIZE       =   ----    ----
   DATA SIZE        =   ----    ----
   IDATA SIZE       =   ----    ----
   BIT SIZE         =   ----    ----
END OF MODULE INFORMATION.


C51 COMPILATION COMPLETE.  0 WARNING(S),  0 ERROR(S)
